2023-02-10 10:36:40.420 -03 [7472] LOG:  database system was interrupted; last known up at 2023-02-09 14:26:23 -03
2023-02-10 10:36:40.829 -03 [7472] LOG:  database system was not properly shut down; automatic recovery in progress
2023-02-10 10:36:40.833 -03 [7472] LOG:  redo starts at 0/1E6ED78
2023-02-10 10:36:40.834 -03 [7472] LOG:  invalid record length at 0/1E6EDB0: wanted 24, got 0
2023-02-10 10:36:40.834 -03 [7472] LOG:  redo done at 0/1E6ED78 system usage: CPU: user: 0.00 s, system: 0.00 s, elapsed: 0.00 s
2023-02-10 10:36:40.837 -03 [6812] LOG:  checkpoint starting: end-of-recovery immediate wait
2023-02-10 10:36:40.843 -03 [6812] LOG:  checkpoint complete: wrote 3 buffers (0.0%); 0 WAL file(s) added, 0 removed, 0 recycled; write=0.002 s, sync=0.001 s, total=0.008 s; sync files=2, longest=0.001 s, average=0.001 s; distance=0 kB, estimate=0 kB
2023-02-10 13:01:41.082 -03 [6812] LOG:  checkpoint starting: time
2023-02-10 13:01:51.538 -03 [6812] LOG:  checkpoint complete: wrote 96 buffers (0.6%); 0 WAL file(s) added, 0 removed, 0 recycled; write=10.437 s, sync=0.009 s, total=10.457 s; sync files=34, longest=0.001 s, average=0.001 s; distance=798 kB, estimate=798 kB
2023-02-10 13:07:33.158 -03 [4496] ERROR:  syntax error at or near ";" at character 59
2023-02-10 13:07:33.158 -03 [4496] STATEMENT:  CREATE TABLE IF NOT EXISTS teste (
	
		id SERIAL PRIMARY KEY;
		nome VARCHAR(50) NOT NULL;
		created_at TIMESTAMP NOT NULL DEFAULT CURRENT_TIMESTAMP;
	
	);
2023-02-10 13:11:41.565 -03 [6812] LOG:  checkpoint starting: time
2023-02-10 13:11:42.763 -03 [4496] ERROR:  duplicate key value violates unique constraint "teste_pkey"
2023-02-10 13:11:42.763 -03 [4496] DETAIL:  Key (cpf)=(12233344445) already exists.
2023-02-10 13:11:42.763 -03 [4496] STATEMENT:  INSERT INTO teste (cpf, nome, created_at)
	VALUES ('12233344445', 'Jose Colmeia', '2019-07-01 12:00:00');
2023-02-10 13:11:46.085 -03 [6812] LOG:  checkpoint complete: wrote 42 buffers (0.3%); 0 WAL file(s) added, 0 removed, 0 recycled; write=4.491 s, sync=0.017 s, total=4.521 s; sync files=34, longest=0.008 s, average=0.001 s; distance=159 kB, estimate=734 kB
2023-02-10 13:16:41.093 -03 [6812] LOG:  checkpoint starting: time
2023-02-10 13:16:41.535 -03 [6812] LOG:  checkpoint complete: wrote 5 buffers (0.0%); 0 WAL file(s) added, 0 removed, 0 recycled; write=0.434 s, sync=0.003 s, total=0.442 s; sync files=5, longest=0.001 s, average=0.001 s; distance=8 kB, estimate=661 kB
2023-02-10 13:36:06.981 -03 [11596] ERROR:  syntax error at or near "SELEC" at character 1
2023-02-10 13:36:06.981 -03 [11596] STATEMENT:  SELEC banco_numero, numero, nome FROM agencia;
2023-02-10 13:41:41.557 -03 [6812] LOG:  checkpoint starting: time
2023-02-10 13:41:42.116 -03 [6812] LOG:  checkpoint complete: wrote 5 buffers (0.0%); 0 WAL file(s) added, 0 removed, 0 recycled; write=0.546 s, sync=0.009 s, total=0.559 s; sync files=4, longest=0.008 s, average=0.003 s; distance=5 kB, estimate=596 kB
2023-02-10 13:43:18.591 -03 [11596] ERROR:  column "cliente.email" must appear in the GROUP BY clause or be used in an aggregate function at character 23
2023-02-10 13:43:18.591 -03 [11596] STATEMENT:  SELECT COUNT(numero), email FROM cliente WHERE email ILIKE 'gmail.com';
2023-02-10 13:47:08.762 -03 [11596] ERROR:  column "cliente_transacoes.tipo_transacao_id" must appear in the GROUP BY clause or be used in an aggregate function at character 20
2023-02-10 13:47:08.762 -03 [11596] STATEMENT:  SELECT MAX(valor), tipo_transacao_id
	FROM cliente_transacoes;
2023-02-10 13:50:09.028 -03 [11596] ERROR:  column "tipo" does not exist at character 19
2023-02-10 13:50:09.028 -03 [11596] STATEMENT:  SELECT COUNT(id), tipo transacao_id FROM cliente_transacoes GROUP BY tipo_transacao_id;
2023-02-10 16:41:44.107 -03 [7828] ERROR:  syntax error at or near "SELCT" at character 1
2023-02-10 16:41:44.107 -03 [7828] STATEMENT:  SELCT id, nome FROM tipo_transacao;
2023-02-10 16:51:08.733 -03 [7828] ERROR:  column banco.nmumero does not exist at character 38
2023-02-10 16:51:08.733 -03 [7828] HINT:  Perhaps you meant to reference the column "banco.numero".
2023-02-10 16:51:08.733 -03 [7828] STATEMENT:  SELECT agencia.numero, agencia.nome, banco.nmumero, banco.nome
	FROM agencia
	RIGHT JOIN banco ON banco.numero = agencia.banco_numero;
2023-02-10 17:04:46.968 -03 [7828] ERROR:  relation "table_a" does not exist at character 13
2023-02-10 17:04:46.968 -03 [7828] STATEMENT:  INSERT INTO table_a (valor) VALUES ('teste1');
	INSERT INTO table_a (valor) VALUES ('teste2');
	INSERT INTO table_a (valor) VALUES ('teste3');
	INSERT INTO table_a (valor) VALUES ('teste4');
2023-02-10 17:06:41.463 -03 [6812] LOG:  checkpoint starting: time
2023-02-10 17:06:46.107 -03 [6812] LOG:  checkpoint complete: wrote 43 buffers (0.3%); 0 WAL file(s) added, 0 removed, 0 recycled; write=4.613 s, sync=0.018 s, total=4.644 s; sync files=35, longest=0.009 s, average=0.001 s; distance=166 kB, estimate=553 kB
2023-02-10 17:11:41.111 -03 [6812] LOG:  checkpoint starting: time
2023-02-10 17:11:42.024 -03 [6812] LOG:  checkpoint complete: wrote 9 buffers (0.1%); 0 WAL file(s) added, 0 removed, 0 recycled; write=0.891 s, sync=0.010 s, total=0.914 s; sync files=9, longest=0.008 s, average=0.002 s; distance=48 kB, estimate=502 kB
2023-02-10 17:24:43.193 -03 [4896] ERROR:  relation "tbl_tmp_banco" does not exist at character 79
2023-02-10 17:24:43.193 -03 [4896] STATEMENT:  WITH tbl_tmp AS (
		SELECT numero, nome
		FROM banco
	)
	SELECT numero, nome
	FROM tbl_tmp_banco;
2023-02-10 17:58:42.519 -03 [4896] ERROR:  missing FROM-clause entry for table "banco" at character 348
2023-02-10 17:58:42.519 -03 [4896] STATEMENT:  WITH clientes_e_transacoes AS (
		SELECT	cliente.nome AS cliente_nome,
				tipo_transacao.nome AS tipo_transacao_nome,
				cliente_transacoes.valor AS tipo_transacao_valor
		FROM cliente_transacoes
		JOIN cliente ON cliente.numero = cliente_transacoes.cliente_numero
		JOIN tipo_transacao ON tipo_transacao.id = cliente_transacoes.tipo_transacao_id AND banco.nome ILIKE 'Itau'
	)
	SELECT cliente_nome, tipo_transacao_nome, tipo_transacao_valor
	FROM clientes_e_transacoes;
2023-02-10 18:00:02.444 -03 [4896] ERROR:  missing FROM-clause entry for table "tipo_transacao" at character 74
2023-02-10 18:00:02.444 -03 [4896] STATEMENT:  WITH clientes_e_transacoes AS (
		SELECT	cliente.nome AS cliente_nome,
				tipo_transacao.nome AS tipo_transacao_nome,
				cliente_transacoes.valor AS tipo_transacao_valor
		FROM cliente_transacoes
		JOIN cliente ON cliente.numero = cliente_transacoes.cliente_numero
	)
	SELECT cliente_nome, tipo_transacao_nome, tipo_transacao_valor
	FROM clientes_e_transacoes;
2023-02-10 18:00:37.992 -03 [4896] ERROR:  missing FROM-clause entry for table "tipo_transacao" at character 74
2023-02-10 18:00:37.992 -03 [4896] STATEMENT:  WITH clientes_e_transacoes AS (
		SELECT	cliente.nome AS cliente_nome,
				tipo_transacao.nome AS tipo_transacao_nome,
				cliente_transacoes.valor AS tipo_transacao_valor
		FROM cliente_transacoes
		JOIN cliente ON cliente.numero = cliente_transacoes.cliente_numero
	)
	SELECT cliente_nome, tipo_transacao_nome, tipo_transacao_valor
	FROM clientes_e_transacoes;
2023-02-10 18:12:21.764 -03 [10632] LOG:  could not receive data from client: unrecognized winsock error 10054
2023-02-10 18:12:21.764 -03 [2928] LOG:  could not receive data from client: unrecognized winsock error 10054
2023-02-10 18:12:21.764 -03 [10692] LOG:  could not receive data from client: unrecognized winsock error 10054
2023-02-10 18:12:21.764 -03 [7828] LOG:  could not receive data from client: unrecognized winsock error 10054
2023-02-10 18:12:21.764 -03 [11596] LOG:  could not receive data from client: unrecognized winsock error 10054
2023-02-10 18:12:21.764 -03 [7324] LOG:  could not receive data from client: unrecognized winsock error 10054
2023-02-10 18:12:21.764 -03 [4896] LOG:  could not receive data from client: unrecognized winsock error 10054
