2023-02-07 09:16:39.295 -03 [13180] LOG:  database system was shut down at 2023-02-07 09:16:34 -03
2023-02-07 09:21:39.307 -03 [7792] LOG:  checkpoint starting: time
2023-02-07 09:21:46.989 -03 [7792] LOG:  checkpoint complete: wrote 73 buffers (0.4%); 0 WAL file(s) added, 0 removed, 0 recycled; write=7.653 s, sync=0.019 s, total=7.683 s; sync files=31, longest=0.009 s, average=0.001 s; distance=394 kB, estimate=394 kB
2023-02-07 10:26:40.108 -03 [7792] LOG:  checkpoint starting: time
2023-02-07 10:26:40.662 -03 [7792] LOG:  checkpoint complete: wrote 5 buffers (0.0%); 0 WAL file(s) added, 0 removed, 0 recycled; write=0.539 s, sync=0.009 s, total=0.555 s; sync files=1, longest=0.009 s, average=0.009 s; distance=37 kB, estimate=358 kB
2023-02-07 10:28:44.670 -03 [12804] FATAL:  no pg_hba.conf entry for host "192.168.0.107", user "postgres", database "postgres", no encryption
2023-02-07 10:31:03.617 -03 [15980] FATAL:  no pg_hba.conf entry for host "192.168.0.107", user "postgres", database "postgres", no encryption
2023-02-07 11:16:43.261 -03 [10384] FATAL:  password authentication failed for user "postgres"
2023-02-07 11:16:43.261 -03 [10384] DETAIL:  Connection matched pg_hba.conf line 89: "host    all             all             ::1/128                 scram-sha-256"
2023-02-07 11:19:58.864 -03 [5732] LOG:  could not receive data from client: unrecognized winsock error 10054
2023-02-07 11:35:42.793 -03 [11808] FATAL:  no pg_hba.conf entry for host "192.168.0.107", user "postgres", database "postgres", no encryption
2023-02-07 11:41:37.804 -03 [1276] FATAL:  terminating connection due to administrator command
2023-02-07 11:46:40.793 -03 [7792] LOG:  checkpoint starting: time
2023-02-07 11:48:21.913 -03 [7792] LOG:  checkpoint complete: wrote 925 buffers (5.6%); 0 WAL file(s) added, 0 removed, 0 recycled; write=101.043 s, sync=0.073 s, total=101.120 s; sync files=249, longest=0.009 s, average=0.001 s; distance=4226 kB, estimate=4226 kB
2023-02-07 12:11:09.421 -03 [15132] LOG:  could not receive data from client: unrecognized winsock error 10054
2023-02-07 12:11:40.958 -03 [7792] LOG:  checkpoint starting: time
2023-02-07 12:11:41.407 -03 [7792] LOG:  checkpoint complete: wrote 5 buffers (0.0%); 0 WAL file(s) added, 0 removed, 0 recycled; write=0.428 s, sync=0.010 s, total=0.450 s; sync files=5, longest=0.008 s, average=0.002 s; distance=3 kB, estimate=3804 kB
2023-02-07 12:12:58.557 -03 [5088] FATAL:  password authentication failed for user "-U"
2023-02-07 12:12:58.557 -03 [5088] DETAIL:  Role "-U" does not exist.
	Connection matched pg_hba.conf line 89: "host    all             all             ::1/128                 scram-sha-256"
2023-02-07 12:13:11.469 -03 [15472] FATAL:  password authentication failed for user "-U"
2023-02-07 12:13:11.469 -03 [15472] DETAIL:  Role "-U" does not exist.
	Connection matched pg_hba.conf line 89: "host    all             all             ::1/128                 scram-sha-256"
2023-02-07 12:13:36.016 -03 [6400] FATAL:  password authentication failed for user "-U"
2023-02-07 12:13:36.016 -03 [6400] DETAIL:  Role "-U" does not exist.
	Connection matched pg_hba.conf line 89: "host    all             all             ::1/128                 scram-sha-256"
2023-02-07 12:13:39.957 -03 [9340] FATAL:  password authentication failed for user "-U"
2023-02-07 12:13:39.957 -03 [9340] DETAIL:  Role "-U" does not exist.
	Connection matched pg_hba.conf line 89: "host    all             all             ::1/128                 scram-sha-256"
2023-02-07 12:14:54.214 -03 [13592] LOG:  could not receive data from client: unrecognized winsock error 10054
2023-02-07 12:16:40.407 -03 [7792] LOG:  checkpoint starting: time
2023-02-07 12:16:40.754 -03 [7792] LOG:  checkpoint complete: wrote 4 buffers (0.0%); 0 WAL file(s) added, 0 removed, 0 recycled; write=0.333 s, sync=0.002 s, total=0.348 s; sync files=4, longest=0.001 s, average=0.001 s; distance=3 kB, estimate=3424 kB
2023-02-07 12:17:47.428 -03 [7200] ERROR:  role "daniel" already exists
2023-02-07 12:17:47.428 -03 [7200] STATEMENT:  CREATE ROLE daniel LOGIN PASSWORD '123' IN ROLE professores;
2023-02-07 12:21:40.764 -03 [7792] LOG:  checkpoint starting: time
2023-02-07 12:21:41.536 -03 [7792] LOG:  checkpoint complete: wrote 8 buffers (0.0%); 0 WAL file(s) added, 0 removed, 0 recycled; write=0.758 s, sync=0.003 s, total=0.773 s; sync files=8, longest=0.001 s, average=0.001 s; distance=5 kB, estimate=3082 kB
2023-02-07 12:26:40.550 -03 [7792] LOG:  checkpoint starting: time
2023-02-07 12:26:43.982 -03 [7792] LOG:  checkpoint complete: wrote 32 buffers (0.2%); 0 WAL file(s) added, 0 removed, 0 recycled; write=3.408 s, sync=0.015 s, total=3.433 s; sync files=26, longest=0.008 s, average=0.001 s; distance=124 kB, estimate=2786 kB
2023-02-07 12:36:09.055 -03 [2684] LOG:  could not receive data from client: unrecognized winsock error 10054
2023-02-07 12:36:40.997 -03 [7792] LOG:  checkpoint starting: time
2023-02-07 12:36:42.206 -03 [7792] LOG:  checkpoint complete: wrote 12 buffers (0.1%); 0 WAL file(s) added, 0 removed, 0 recycled; write=1.196 s, sync=0.003 s, total=1.209 s; sync files=10, longest=0.001 s, average=0.001 s; distance=6 kB, estimate=2508 kB
2023-02-07 12:37:16.158 -03 [11796] ERROR:  permission denied for table teste
2023-02-07 12:37:16.158 -03 [11796] STATEMENT:  SELECT nome FROM teste;
2023-02-07 12:39:42.107 -03 [4240] ERROR:  permission denied for table teste
2023-02-07 12:39:42.107 -03 [4240] STATEMENT:  SELECT nome FROM teste;
2023-02-07 12:41:40.207 -03 [7792] LOG:  checkpoint starting: time
2023-02-07 12:41:40.997 -03 [7792] LOG:  checkpoint complete: wrote 8 buffers (0.0%); 0 WAL file(s) added, 0 removed, 0 recycled; write=0.776 s, sync=0.003 s, total=0.791 s; sync files=8, longest=0.001 s, average=0.001 s; distance=5 kB, estimate=2258 kB
2023-02-07 18:02:17.308 -03 [960] LOG:  could not receive data from client: unrecognized winsock error 10054
2023-02-07 18:02:17.309 -03 [7200] LOG:  could not receive data from client: unrecognized winsock error 10054
2023-02-07 18:02:17.309 -03 [8464] LOG:  could not receive data from client: unrecognized winsock error 10054
2023-02-07 18:02:17.310 -03 [9252] LOG:  could not receive data from client: unrecognized winsock error 10054
2023-02-07 18:02:17.316 -03 [15036] LOG:  could not receive data from client: unrecognized winsock error 10054
2023-02-07 18:02:29.747 -03 [4240] LOG:  could not receive data from client: unrecognized winsock error 10054
2023-02-07 18:03:21.327 -03 [15392] LOG:  could not receive data from client: unrecognized winsock error 10054
2023-02-07 18:03:21.327 -03 [972] LOG:  could not receive data from client: unrecognized winsock error 10054
2023-02-07 18:03:21.327 -03 [15196] LOG:  could not receive data from client: unrecognized winsock error 10054
2023-02-07 18:03:21.344 -03 [4512] LOG:  could not receive data from client: unrecognized winsock error 10054
